Determining if the pthread_create exist failed with the following output:
Change Dir: /home/EChat/build/CMakeFiles/CMakeTmp

Run Build Command(s):/usr/bin/gmake cmTC_54a26/fast 
/usr/bin/gmake -f CMakeFiles/cmTC_54a26.dir/build.make CMakeFiles/cmTC_54a26.dir/build
gmake[1]: Entering directory `/home/EChat/build/CMakeFiles/CMakeTmp'
Building C object CMakeFiles/cmTC_54a26.dir/CheckSymbolExists.c.o
/usr/bin/gcc    -o CMakeFiles/cmTC_54a26.dir/CheckSymbolExists.c.o   -c /home/EChat/build/CMakeFiles/CMakeTmp/CheckSymbolExists.c
Linking C executable cmTC_54a26
/usr/local/cmake/bin/cmake -E cmake_link_script CMakeFiles/cmTC_54a26.dir/link.txt --verbose=1
/usr/bin/gcc      -rdynamic CMakeFiles/cmTC_54a26.dir/CheckSymbolExists.c.o  -o cmTC_54a26 
CMakeFiles/cmTC_54a26.dir/CheckSymbolExists.c.o: In function `main':
CheckSymbolExists.c:(.text+0x16): undefined reference to `pthread_create'
collect2: error: ld returned 1 exit status
gmake[1]: *** [cmTC_54a26] Error 1
gmake[1]: Leaving directory `/home/EChat/build/CMakeFiles/CMakeTmp'
gmake: *** [cmTC_54a26/fast] Error 2

File /home/EChat/build/CMakeFiles/CMakeTmp/CheckSymbolExists.c:
/* */
#include <pthread.h>

int main(int argc, char** argv)
{
  (void)argv;
#ifndef pthread_create
  return ((int*)(&pthread_create))[argc];
#else
  (void)argc;
  return 0;
#endif
}

Determining if the function pthread_create exists in the pthreads failed with the following output:
Change Dir: /home/EChat/build/CMakeFiles/CMakeTmp

Run Build Command(s):/usr/bin/gmake cmTC_c2736/fast 
/usr/bin/gmake -f CMakeFiles/cmTC_c2736.dir/build.make CMakeFiles/cmTC_c2736.dir/build
gmake[1]: Entering directory `/home/EChat/build/CMakeFiles/CMakeTmp'
Building C object CMakeFiles/cmTC_c2736.dir/CheckFunctionExists.c.o
/usr/bin/gcc   -DCHECK_FUNCTION_EXISTS=pthread_create   -o CMakeFiles/cmTC_c2736.dir/CheckFunctionExists.c.o   -c /usr/local/cmake/share/cmake-3.14/Modules/CheckFunctionExists.c
Linking C executable cmTC_c2736
/usr/local/cmake/bin/cmake -E cmake_link_script CMakeFiles/cmTC_c2736.dir/link.txt --verbose=1
/usr/bin/gcc  -DCHECK_FUNCTION_EXISTS=pthread_create    -rdynamic CMakeFiles/cmTC_c2736.dir/CheckFunctionExists.c.o  -o cmTC_c2736 -lpthreads 
/usr/bin/ld: cannot find -lpthreads
collect2: error: ld returned 1 exit status
gmake[1]: *** [cmTC_c2736] Error 1
gmake[1]: Leaving directory `/home/EChat/build/CMakeFiles/CMakeTmp'
gmake: *** [cmTC_c2736/fast] Error 2


